EtherCAT: Googol Technology ECAT Master driver 1.0
EtherCAT: 1 master waiting for devices.
EtherCAT 0: 9 slave(s) responding.
EtherCAT 0: Slave states: SAFEOP OP  + ERROR.
EtherCAT 0: Scanning bus.
EtherCAT 0: Bus scanning completed in 2233 ms.
Config INFO: Start Config 9 ECAT slaves.
EtherCAT 0: Config each slave SDO config info ...
EtherCAT 0: Config each slave PDO sync info ...
EtherCAT 0: Registering PDO entries...
EtherCAT 0: Activating master...
EtherCAT 0: Slave states: PREOP .
EtherCAT 0: All slaves are in OP mode
EtherCAT 0: Slave states: OP .
EtherCAT WARNING 0-1: CoE Emergency Request received:
Error code 0x0000, Error register 0x00, data:
00 00 00 00 00 
EtherCAT WARNING 0-7: CoE Emergency Request received:
Error code 0x0000, Error register 0x00, data:
00 00 00 00 00 
EtherCAT WARNING 0-6: CoE Emergency Request received:
Error code 0x0000, Error register 0x00, data:
00 00 00 00 00 
EtherCAT WARNING 0-5: CoE Emergency Request received:
Error code 0x0000, Error register 0x00, data:
00 00 00 00 00 
EtherCAT WARNING 0-4: CoE Emergency Request received:
Error code 0x0000, Error register 0x00, data:
00 00 00 00 00 
EtherCAT 0: Releasing master...
EtherCAT 0: Released.
EtherCAT: Master module cleaned up.
